[2026-02-05T22:12:59.265+0000] {local_task_job_runner.py:123} INFO - ::group::Pre task execution logs
[2026-02-05T22:12:59.291+0000] {taskinstance.py:2603} INFO - Dependencies all met for dep_context=non-requeueable deps ti=<TaskInstance: nyc_taxi_pipeline.ex04_dashboard_kpi manual__2026-02-05T22:12:58+00:00 [queued]>
[2026-02-05T22:12:59.307+0000] {taskinstance.py:2603} INFO - Dependencies all met for dep_context=requeueable deps ti=<TaskInstance: nyc_taxi_pipeline.ex04_dashboard_kpi manual__2026-02-05T22:12:58+00:00 [queued]>
[2026-02-05T22:12:59.307+0000] {taskinstance.py:2856} INFO - Starting attempt 1 of 2
[2026-02-05T22:12:59.330+0000] {taskinstance.py:2879} INFO - Executing <Task(BashOperator): ex04_dashboard_kpi> on 2026-02-05 22:12:58+00:00
[2026-02-05T22:12:59.344+0000] {logging_mixin.py:190} WARNING - /home/***/.local/lib/python3.12/site-packages/***/task/task_runner/standard_task_runner.py:70 DeprecationWarning: This process (pid=954) is multi-threaded, use of fork() may lead to deadlocks in the child.
[2026-02-05T22:12:59.345+0000] {standard_task_runner.py:72} INFO - Started process 962 to run task
[2026-02-05T22:12:59.345+0000] {standard_task_runner.py:104} INFO - Running: ['***', 'tasks', 'run', 'nyc_taxi_pipeline', 'ex04_dashboard_kpi', 'manual__2026-02-05T22:12:58+00:00', '--job-id', '81', '--raw', '--subdir', 'DAGS_FOLDER/nyc_taxi_pipeline.py', '--cfg-path', '/tmp/tmpqrncg_es']
[2026-02-05T22:12:59.347+0000] {standard_task_runner.py:105} INFO - Job 81: Subtask ex04_dashboard_kpi
[2026-02-05T22:12:59.439+0000] {task_command.py:467} INFO - Running <TaskInstance: nyc_taxi_pipeline.ex04_dashboard_kpi manual__2026-02-05T22:12:58+00:00 [running]> on host 2af73409e72d
[2026-02-05T22:12:59.590+0000] {taskinstance.py:3122} INFO - Exporting env vars: AIRFLOW_CTX_DAG_OWNER='cytech' AIRFLOW_CTX_DAG_ID='nyc_taxi_pipeline' AIRFLOW_CTX_TASK_ID='ex04_dashboard_kpi' AIRFLOW_CTX_EXECUTION_DATE='2026-02-05T22:12:58+00:00' AIRFLOW_CTX_TRY_NUMBER='1' AIRFLOW_CTX_DAG_RUN_ID='manual__2026-02-05T22:12:58+00:00'
[2026-02-05T22:12:59.591+0000] {taskinstance.py:731} INFO - ::endgroup::
[2026-02-05T22:12:59.633+0000] {subprocess.py:63} INFO - Tmp dir root location: /tmp
[2026-02-05T22:12:59.633+0000] {subprocess.py:75} INFO - Running command: ['/usr/bin/bash', '-c', '\n        set -e\n        \n        echo "üìä ex04: Calcul des KPIs pour le dashboard..."\n        \n        if sbt ex4/run; then\n            echo "‚úÖ ex04 termin√© avec succ√®s!"\n        else\n            echo "‚ùå ERREUR: ex04 a √©chou√©!"\n            exit 1\n        fi\n        ']
[2026-02-05T22:12:59.645+0000] {subprocess.py:86} INFO - Output:
[2026-02-05T22:12:59.648+0000] {subprocess.py:93} INFO - üìä ex04: Calcul des KPIs pour le dashboard...
[2026-02-05T22:12:59.833+0000] {subprocess.py:93} INFO - downloading sbt launcher 1.9.9
[2026-02-05T22:13:00.457+0000] {subprocess.py:93} INFO - shasum: /home/***/.cache/sbt/boot/sbt-launch/1.9.9/sbt-launch-1.9.9.jar.temp: No such file or directory
[2026-02-05T22:13:00.458+0000] {subprocess.py:93} INFO - shasum: WARNING: 1 listed file could not be read
[2026-02-05T22:13:00.458+0000] {subprocess.py:93} INFO - failed to download launcher jar: https://repo1.maven.org/maven2/org/scala-sbt/sbt-launch/1.9.9/sbt-launch-1.9.9.jar (shasum mismatch)
[2026-02-05T22:13:00.458+0000] {subprocess.py:93} INFO - ‚ùå ERREUR: ex04 a √©chou√©!
[2026-02-05T22:13:00.459+0000] {subprocess.py:97} INFO - Command exited with return code 1
[2026-02-05T22:13:00.471+0000] {taskinstance.py:3301} ERROR - Task failed with exception
Traceback (most recent call last):
  File "/home/airflow/.local/lib/python3.12/site-packages/airflow/models/taskinstance.py", line 767, in _execute_task
    result = _execute_callable(context=context, **execute_callable_kwargs)
             ^^^^^^^^^^^^^^^^^^^^^^^^^^^^^^^^^^^^^^^^^^^^^^^^^^^^^^^^^^^^^
  File "/home/airflow/.local/lib/python3.12/site-packages/airflow/models/taskinstance.py", line 733, in _execute_callable
    return ExecutionCallableRunner(
           ^^^^^^^^^^^^^^^^^^^^^^^^
  File "/home/airflow/.local/lib/python3.12/site-packages/airflow/utils/operator_helpers.py", line 252, in run
    return self.func(*args, **kwargs)
           ^^^^^^^^^^^^^^^^^^^^^^^^^^
  File "/home/airflow/.local/lib/python3.12/site-packages/airflow/models/baseoperator.py", line 406, in wrapper
    return func(self, *args, **kwargs)
           ^^^^^^^^^^^^^^^^^^^^^^^^^^^
  File "/home/airflow/.local/lib/python3.12/site-packages/airflow/operators/bash.py", line 249, in execute
    raise AirflowException(
airflow.exceptions.AirflowException: Bash command failed. The command returned a non-zero exit code 1.
[2026-02-05T22:13:00.483+0000] {taskinstance.py:1225} INFO - Marking task as UP_FOR_RETRY. dag_id=nyc_taxi_pipeline, task_id=ex04_dashboard_kpi, run_id=manual__2026-02-05T22:12:58+00:00, execution_date=20260205T221258, start_date=20260205T221259, end_date=20260205T221300
[2026-02-05T22:13:00.508+0000] {taskinstance.py:340} INFO - ::group::Post task execution logs
[2026-02-05T22:13:00.509+0000] {standard_task_runner.py:124} ERROR - Failed to execute job 81 for task ex04_dashboard_kpi (Bash command failed. The command returned a non-zero exit code 1.; 962)
Traceback (most recent call last):
  File "/home/airflow/.local/lib/python3.12/site-packages/airflow/task/task_runner/standard_task_runner.py", line 117, in _start_by_fork
    ret = args.func(args, dag=self.dag)
          ^^^^^^^^^^^^^^^^^^^^^^^^^^^^^
  File "/home/airflow/.local/lib/python3.12/site-packages/airflow/cli/cli_config.py", line 49, in command
    return func(*args, **kwargs)
           ^^^^^^^^^^^^^^^^^^^^^
  File "/home/airflow/.local/lib/python3.12/site-packages/airflow/utils/cli.py", line 115, in wrapper
    return f(*args, **kwargs)
           ^^^^^^^^^^^^^^^^^^
  File "/home/airflow/.local/lib/python3.12/site-packages/airflow/cli/commands/task_command.py", line 483, in task_run
    task_return_code = _run_task_by_selected_method(args, _dag, ti)
                       ^^^^^^^^^^^^^^^^^^^^^^^^^^^^^^^^^^^^^^^^^^^^
  File "/home/airflow/.local/lib/python3.12/site-packages/airflow/cli/commands/task_command.py", line 256, in _run_task_by_selected_method
    return _run_raw_task(args, ti)
           ^^^^^^^^^^^^^^^^^^^^^^^
  File "/home/airflow/.local/lib/python3.12/site-packages/airflow/cli/commands/task_command.py", line 341, in _run_raw_task
    return ti._run_raw_task(
           ^^^^^^^^^^^^^^^^^
  File "/home/airflow/.local/lib/python3.12/site-packages/airflow/utils/session.py", line 97, in wrapper
    return func(*args, session=session, **kwargs)
           ^^^^^^^^^^^^^^^^^^^^^^^^^^^^^^^^^^^^^^
  File "/home/airflow/.local/lib/python3.12/site-packages/airflow/models/taskinstance.py", line 2995, in _run_raw_task
    return _run_raw_task(
           ^^^^^^^^^^^^^^
  File "/home/airflow/.local/lib/python3.12/site-packages/airflow/models/taskinstance.py", line 273, in _run_raw_task
    TaskInstance._execute_task_with_callbacks(
  File "/home/airflow/.local/lib/python3.12/site-packages/airflow/models/taskinstance.py", line 3149, in _execute_task_with_callbacks
    result = self._execute_task(context, task_orig)
             ^^^^^^^^^^^^^^^^^^^^^^^^^^^^^^^^^^^^^^
  File "/home/airflow/.local/lib/python3.12/site-packages/airflow/models/taskinstance.py", line 3173, in _execute_task
    return _execute_task(self, context, task_orig)
           ^^^^^^^^^^^^^^^^^^^^^^^^^^^^^^^^^^^^^^^
  File "/home/airflow/.local/lib/python3.12/site-packages/airflow/models/taskinstance.py", line 767, in _execute_task
    result = _execute_callable(context=context, **execute_callable_kwargs)
             ^^^^^^^^^^^^^^^^^^^^^^^^^^^^^^^^^^^^^^^^^^^^^^^^^^^^^^^^^^^^^
  File "/home/airflow/.local/lib/python3.12/site-packages/airflow/models/taskinstance.py", line 733, in _execute_callable
    return ExecutionCallableRunner(
           ^^^^^^^^^^^^^^^^^^^^^^^^
  File "/home/airflow/.local/lib/python3.12/site-packages/airflow/utils/operator_helpers.py", line 252, in run
    return self.func(*args, **kwargs)
           ^^^^^^^^^^^^^^^^^^^^^^^^^^
  File "/home/airflow/.local/lib/python3.12/site-packages/airflow/models/baseoperator.py", line 406, in wrapper
    return func(self, *args, **kwargs)
           ^^^^^^^^^^^^^^^^^^^^^^^^^^^
  File "/home/airflow/.local/lib/python3.12/site-packages/airflow/operators/bash.py", line 249, in execute
    raise AirflowException(
airflow.exceptions.AirflowException: Bash command failed. The command returned a non-zero exit code 1.
[2026-02-05T22:13:00.538+0000] {local_task_job_runner.py:261} INFO - Task exited with return code 1
[2026-02-05T22:13:00.555+0000] {taskinstance.py:3891} INFO - 0 downstream tasks scheduled from follow-on schedule check
[2026-02-05T22:13:00.558+0000] {local_task_job_runner.py:240} INFO - ::endgroup::
