[2026-02-05T21:16:44.062+0000] {local_task_job_runner.py:123} INFO - ::group::Pre task execution logs
[2026-02-05T21:16:44.094+0000] {taskinstance.py:2603} INFO - Dependencies all met for dep_context=non-requeueable deps ti=<TaskInstance: nyc_taxi_pipeline.ex01_download_data manual__2026-02-05T21:16:42.764755+00:00 [queued]>
[2026-02-05T21:16:44.106+0000] {taskinstance.py:2603} INFO - Dependencies all met for dep_context=requeueable deps ti=<TaskInstance: nyc_taxi_pipeline.ex01_download_data manual__2026-02-05T21:16:42.764755+00:00 [queued]>
[2026-02-05T21:16:44.106+0000] {taskinstance.py:2856} INFO - Starting attempt 1 of 4
[2026-02-05T21:16:44.134+0000] {taskinstance.py:2879} INFO - Executing <Task(BashOperator): ex01_download_data> on 2026-02-05 21:16:42.764755+00:00
[2026-02-05T21:16:44.144+0000] {standard_task_runner.py:104} INFO - Running: ['***', 'tasks', 'run', 'nyc_taxi_pipeline', 'ex01_download_data', 'manual__2026-02-05T21:16:42.764755+00:00', '--job-id', '56', '--raw', '--subdir', 'DAGS_FOLDER/nyc_taxi_pipeline.py', '--cfg-path', '/tmp/tmpgmua1c2o']
[2026-02-05T21:16:44.150+0000] {standard_task_runner.py:105} INFO - Job 56: Subtask ex01_download_data
[2026-02-05T21:16:44.146+0000] {logging_mixin.py:190} WARNING - /home/***/.local/lib/python3.12/site-packages/***/task/task_runner/standard_task_runner.py:70 DeprecationWarning: This process (pid=271) is multi-threaded, use of fork() may lead to deadlocks in the child.
[2026-02-05T21:16:44.152+0000] {standard_task_runner.py:72} INFO - Started process 274 to run task
[2026-02-05T21:16:44.215+0000] {task_command.py:467} INFO - Running <TaskInstance: nyc_taxi_pipeline.ex01_download_data manual__2026-02-05T21:16:42.764755+00:00 [running]> on host 35c5c3e4d956
[2026-02-05T21:16:44.327+0000] {taskinstance.py:3122} INFO - Exporting env vars: AIRFLOW_CTX_DAG_OWNER='cytech' AIRFLOW_CTX_DAG_ID='nyc_taxi_pipeline' AIRFLOW_CTX_TASK_ID='ex01_download_data' AIRFLOW_CTX_EXECUTION_DATE='2026-02-05T21:16:42.764755+00:00' AIRFLOW_CTX_TRY_NUMBER='1' AIRFLOW_CTX_DAG_RUN_ID='manual__2026-02-05T21:16:42.764755+00:00'
[2026-02-05T21:16:44.329+0000] {taskinstance.py:731} INFO - ::endgroup::
[2026-02-05T21:16:44.396+0000] {subprocess.py:63} INFO - Tmp dir root location: /tmp
[2026-02-05T21:16:44.397+0000] {subprocess.py:75} INFO - Running command: ['/usr/bin/bash', '-c', '\n        set -e  # Arr√™ter si erreur\n        \n        echo "üì• ex01: T√©l√©chargement des donn√©es NYC Taxi..."\n        \n        if sbt ex01/run; then\n            echo "‚úÖ ex01 termin√© avec succ√®s!"\n        else\n            echo "‚ùå ERREUR: ex01 a √©chou√©!"\n            exit 1\n        fi\n        ']
[2026-02-05T21:16:44.411+0000] {subprocess.py:86} INFO - Output:
[2026-02-05T21:16:44.413+0000] {subprocess.py:93} INFO - üì• ex01: T√©l√©chargement des donn√©es NYC Taxi...
[2026-02-05T21:16:44.517+0000] {subprocess.py:93} INFO - downloading sbt launcher 1.9.9
[2026-02-05T21:16:46.036+0000] {subprocess.py:93} INFO - copying runtime jar...
[2026-02-05T21:16:52.113+0000] {subprocess.py:93} INFO - [info] [launcher] getting org.scala-sbt sbt 1.9.9  (this may take some time)...
[2026-02-05T21:16:56.443+0000] {subprocess.py:93} INFO - [info] [launcher] getting Scala 2.12.18 (for sbt)...
[2026-02-05T21:16:57.392+0000] {subprocess.py:93} INFO - [warn] No sbt.version set in project/build.properties, base directory: /tmp/***tmpsosej_5_
[2026-02-05T21:16:57.417+0000] {subprocess.py:93} INFO - [info] welcome to sbt 1.9.9 (Debian Java 17.0.18)
[2026-02-05T21:16:58.453+0000] {subprocess.py:93} INFO - [info] set current project to ***tmpsosej_5_ (in build file:/tmp/***tmpsosej_5_/)
[2026-02-05T21:16:58.674+0000] {subprocess.py:93} INFO - [error] Expected ID character
[2026-02-05T21:16:58.674+0000] {subprocess.py:93} INFO - [error] Not a valid command: ex01 (similar: exit)
[2026-02-05T21:16:58.674+0000] {subprocess.py:93} INFO - [error] Expected project ID
[2026-02-05T21:16:58.675+0000] {subprocess.py:93} INFO - [error] Expected configuration
[2026-02-05T21:16:58.675+0000] {subprocess.py:93} INFO - [error] Expected ':'
[2026-02-05T21:16:58.675+0000] {subprocess.py:93} INFO - [error] Expected key
[2026-02-05T21:16:58.675+0000] {subprocess.py:93} INFO - [error] Not a valid key: ex01
[2026-02-05T21:16:58.675+0000] {subprocess.py:93} INFO - [error] ex01/run
[2026-02-05T21:16:58.676+0000] {subprocess.py:93} INFO - [error]     ^
[2026-02-05T21:16:59.065+0000] {subprocess.py:93} INFO - ‚ùå ERREUR: ex01 a √©chou√©!
[2026-02-05T21:16:59.066+0000] {subprocess.py:97} INFO - Command exited with return code 1
[2026-02-05T21:16:59.076+0000] {taskinstance.py:3301} ERROR - Task failed with exception
Traceback (most recent call last):
  File "/home/airflow/.local/lib/python3.12/site-packages/airflow/models/taskinstance.py", line 767, in _execute_task
    result = _execute_callable(context=context, **execute_callable_kwargs)
             ^^^^^^^^^^^^^^^^^^^^^^^^^^^^^^^^^^^^^^^^^^^^^^^^^^^^^^^^^^^^^
  File "/home/airflow/.local/lib/python3.12/site-packages/airflow/models/taskinstance.py", line 733, in _execute_callable
    return ExecutionCallableRunner(
           ^^^^^^^^^^^^^^^^^^^^^^^^
  File "/home/airflow/.local/lib/python3.12/site-packages/airflow/utils/operator_helpers.py", line 252, in run
    return self.func(*args, **kwargs)
           ^^^^^^^^^^^^^^^^^^^^^^^^^^
  File "/home/airflow/.local/lib/python3.12/site-packages/airflow/models/baseoperator.py", line 406, in wrapper
    return func(self, *args, **kwargs)
           ^^^^^^^^^^^^^^^^^^^^^^^^^^^
  File "/home/airflow/.local/lib/python3.12/site-packages/airflow/operators/bash.py", line 249, in execute
    raise AirflowException(
airflow.exceptions.AirflowException: Bash command failed. The command returned a non-zero exit code 1.
[2026-02-05T21:16:59.086+0000] {taskinstance.py:1225} INFO - Marking task as UP_FOR_RETRY. dag_id=nyc_taxi_pipeline, task_id=ex01_download_data, run_id=manual__2026-02-05T21:16:42.764755+00:00, execution_date=20260205T211642, start_date=20260205T211644, end_date=20260205T211659
[2026-02-05T21:16:59.107+0000] {taskinstance.py:340} INFO - ::group::Post task execution logs
[2026-02-05T21:16:59.108+0000] {standard_task_runner.py:124} ERROR - Failed to execute job 56 for task ex01_download_data (Bash command failed. The command returned a non-zero exit code 1.; 274)
Traceback (most recent call last):
  File "/home/airflow/.local/lib/python3.12/site-packages/airflow/task/task_runner/standard_task_runner.py", line 117, in _start_by_fork
    ret = args.func(args, dag=self.dag)
          ^^^^^^^^^^^^^^^^^^^^^^^^^^^^^
  File "/home/airflow/.local/lib/python3.12/site-packages/airflow/cli/cli_config.py", line 49, in command
    return func(*args, **kwargs)
           ^^^^^^^^^^^^^^^^^^^^^
  File "/home/airflow/.local/lib/python3.12/site-packages/airflow/utils/cli.py", line 115, in wrapper
    return f(*args, **kwargs)
           ^^^^^^^^^^^^^^^^^^
  File "/home/airflow/.local/lib/python3.12/site-packages/airflow/cli/commands/task_command.py", line 483, in task_run
    task_return_code = _run_task_by_selected_method(args, _dag, ti)
                       ^^^^^^^^^^^^^^^^^^^^^^^^^^^^^^^^^^^^^^^^^^^^
  File "/home/airflow/.local/lib/python3.12/site-packages/airflow/cli/commands/task_command.py", line 256, in _run_task_by_selected_method
    return _run_raw_task(args, ti)
           ^^^^^^^^^^^^^^^^^^^^^^^
  File "/home/airflow/.local/lib/python3.12/site-packages/airflow/cli/commands/task_command.py", line 341, in _run_raw_task
    return ti._run_raw_task(
           ^^^^^^^^^^^^^^^^^
  File "/home/airflow/.local/lib/python3.12/site-packages/airflow/utils/session.py", line 97, in wrapper
    return func(*args, session=session, **kwargs)
           ^^^^^^^^^^^^^^^^^^^^^^^^^^^^^^^^^^^^^^
  File "/home/airflow/.local/lib/python3.12/site-packages/airflow/models/taskinstance.py", line 2995, in _run_raw_task
    return _run_raw_task(
           ^^^^^^^^^^^^^^
  File "/home/airflow/.local/lib/python3.12/site-packages/airflow/models/taskinstance.py", line 273, in _run_raw_task
    TaskInstance._execute_task_with_callbacks(
  File "/home/airflow/.local/lib/python3.12/site-packages/airflow/models/taskinstance.py", line 3149, in _execute_task_with_callbacks
    result = self._execute_task(context, task_orig)
             ^^^^^^^^^^^^^^^^^^^^^^^^^^^^^^^^^^^^^^
  File "/home/airflow/.local/lib/python3.12/site-packages/airflow/models/taskinstance.py", line 3173, in _execute_task
    return _execute_task(self, context, task_orig)
           ^^^^^^^^^^^^^^^^^^^^^^^^^^^^^^^^^^^^^^^
  File "/home/airflow/.local/lib/python3.12/site-packages/airflow/models/taskinstance.py", line 767, in _execute_task
    result = _execute_callable(context=context, **execute_callable_kwargs)
             ^^^^^^^^^^^^^^^^^^^^^^^^^^^^^^^^^^^^^^^^^^^^^^^^^^^^^^^^^^^^^
  File "/home/airflow/.local/lib/python3.12/site-packages/airflow/models/taskinstance.py", line 733, in _execute_callable
    return ExecutionCallableRunner(
           ^^^^^^^^^^^^^^^^^^^^^^^^
  File "/home/airflow/.local/lib/python3.12/site-packages/airflow/utils/operator_helpers.py", line 252, in run
    return self.func(*args, **kwargs)
           ^^^^^^^^^^^^^^^^^^^^^^^^^^
  File "/home/airflow/.local/lib/python3.12/site-packages/airflow/models/baseoperator.py", line 406, in wrapper
    return func(self, *args, **kwargs)
           ^^^^^^^^^^^^^^^^^^^^^^^^^^^
  File "/home/airflow/.local/lib/python3.12/site-packages/airflow/operators/bash.py", line 249, in execute
    raise AirflowException(
airflow.exceptions.AirflowException: Bash command failed. The command returned a non-zero exit code 1.
[2026-02-05T21:16:59.137+0000] {local_task_job_runner.py:261} INFO - Task exited with return code 1
[2026-02-05T21:16:59.167+0000] {taskinstance.py:3891} INFO - 0 downstream tasks scheduled from follow-on schedule check
[2026-02-05T21:16:59.170+0000] {local_task_job_runner.py:240} INFO - ::endgroup::
[2026-02-05T21:16:59.174+0000] {standard_task_runner.py:217} INFO - Process not found (most likely exited), stop collecting metrics
