[2026-02-13T02:24:43.616+0000] {local_task_job_runner.py:123} INFO - ::group::Pre task execution logs
[2026-02-13T02:24:43.630+0000] {taskinstance.py:2603} INFO - Dependencies all met for dep_context=non-requeueable deps ti=<TaskInstance: nyc_taxi_pipeline.ex03_schema_creation manual__2026-02-13T02:24:42.342829+00:00 [queued]>
[2026-02-13T02:24:43.648+0000] {taskinstance.py:2603} INFO - Dependencies all met for dep_context=requeueable deps ti=<TaskInstance: nyc_taxi_pipeline.ex03_schema_creation manual__2026-02-13T02:24:42.342829+00:00 [queued]>
[2026-02-13T02:24:43.649+0000] {taskinstance.py:2856} INFO - Starting attempt 1 of 3
[2026-02-13T02:24:43.661+0000] {taskinstance.py:2879} INFO - Executing <Task(BashOperator): ex03_schema_creation> on 2026-02-13 02:24:42.342829+00:00
[2026-02-13T02:24:43.667+0000] {logging_mixin.py:190} WARNING - /home/***/.local/lib/python3.12/site-packages/***/task/task_runner/standard_task_runner.py:70 DeprecationWarning: This process (pid=3734) is multi-threaded, use of fork() may lead to deadlocks in the child.
[2026-02-13T02:24:43.668+0000] {standard_task_runner.py:72} INFO - Started process 3738 to run task
[2026-02-13T02:24:43.667+0000] {standard_task_runner.py:104} INFO - Running: ['***', 'tasks', 'run', 'nyc_taxi_pipeline', 'ex03_schema_creation', 'manual__2026-02-13T02:24:42.342829+00:00', '--job-id', '128', '--raw', '--subdir', 'DAGS_FOLDER/nyc_taxi_pipeline.py', '--cfg-path', '/tmp/tmpuzd455kb']
[2026-02-13T02:24:43.669+0000] {standard_task_runner.py:105} INFO - Job 128: Subtask ex03_schema_creation
[2026-02-13T02:24:43.706+0000] {task_command.py:467} INFO - Running <TaskInstance: nyc_taxi_pipeline.ex03_schema_creation manual__2026-02-13T02:24:42.342829+00:00 [running]> on host 0c48d55d6118
[2026-02-13T02:24:43.775+0000] {taskinstance.py:3122} INFO - Exporting env vars: AIRFLOW_CTX_DAG_OWNER='cytech' AIRFLOW_CTX_DAG_ID='nyc_taxi_pipeline' AIRFLOW_CTX_TASK_ID='ex03_schema_creation' AIRFLOW_CTX_EXECUTION_DATE='2026-02-13T02:24:42.342829+00:00' AIRFLOW_CTX_TRY_NUMBER='1' AIRFLOW_CTX_DAG_RUN_ID='manual__2026-02-13T02:24:42.342829+00:00'
[2026-02-13T02:24:43.776+0000] {taskinstance.py:731} INFO - ::endgroup::
[2026-02-13T02:24:43.806+0000] {subprocess.py:63} INFO - Tmp dir root location: /tmp
[2026-02-13T02:24:43.806+0000] {subprocess.py:75} INFO - Running command: ['/usr/bin/bash', '-c', '\n        set -e\n        \n        echo "üóÑÔ∏è ex03: Cr√©ation du sch√©ma PostgreSQL..."\n        cd /opt/***/projet_big_data_cytech\n        \n        if sbt ex3/run; then\n            echo "‚úÖ ex03 termin√© avec succ√®s!"\n        else\n            echo "‚ùå ERREUR: ex03 a √©chou√©!"\n            exit 1\n        fi\n        ']
[2026-02-13T02:24:43.816+0000] {subprocess.py:86} INFO - Output:
[2026-02-13T02:24:43.818+0000] {subprocess.py:93} INFO - üóÑÔ∏è ex03: Cr√©ation du sch√©ma PostgreSQL...
[2026-02-13T02:24:43.928+0000] {subprocess.py:93} INFO - downloading sbt launcher 1.9.9
[2026-02-13T02:24:44.440+0000] {subprocess.py:93} INFO - copying runtime jar...
[2026-02-13T02:24:53.708+0000] {subprocess.py:93} INFO - [info] welcome to sbt 1.8.3 (Debian Java 17.0.18)
[2026-02-13T02:24:54.938+0000] {subprocess.py:93} INFO - [info] loading settings for project projet_big_data_cytech-build-build from metals.sbt ...
[2026-02-13T02:24:56.339+0000] {subprocess.py:93} INFO - [info] loading project definition from /opt/***/projet_big_data_cytech/project/project
[2026-02-13T02:25:01.539+0000] {subprocess.py:93} INFO - [info] loading settings for project projet_big_data_cytech-build from metals.sbt ...
[2026-02-13T02:25:01.819+0000] {subprocess.py:93} INFO - [info] loading project definition from /opt/***/projet_big_data_cytech/project
[2026-02-13T02:25:02.222+0000] {subprocess.py:93} INFO - [info] waiting for lock on /home/***/.ivy2/exclude_classifiers.lock to be available...
[2026-02-13T02:25:05.493+0000] {subprocess.py:93} INFO - [success] Generated .bloop/projet_big_data_cytech-build.json
[2026-02-13T02:25:05.633+0000] {subprocess.py:93} INFO - [success] Total time: 4 s, completed Feb 13, 2026, 2:25:05 AM
[2026-02-13T02:25:08.077+0000] {subprocess.py:93} INFO - [info] loading settings for project root from build.sbt ...
[2026-02-13T02:25:08.834+0000] {subprocess.py:93} INFO - [info] set current project to projet_ingestion (in build file:/opt/***/projet_big_data_cytech/)
[2026-02-13T02:25:09.047+0000] {subprocess.py:93} INFO - [error] Expected ID character
[2026-02-13T02:25:09.048+0000] {subprocess.py:93} INFO - [error] Not a valid command: ex3 (similar: exit, set, export)
[2026-02-13T02:25:09.048+0000] {subprocess.py:93} INFO - [error] Expected project ID
[2026-02-13T02:25:09.048+0000] {subprocess.py:93} INFO - [error] Expected configuration
[2026-02-13T02:25:09.048+0000] {subprocess.py:93} INFO - [error] Expected ':'
[2026-02-13T02:25:09.048+0000] {subprocess.py:93} INFO - [error] Expected key
[2026-02-13T02:25:09.049+0000] {subprocess.py:93} INFO - [error] Not a valid key: ex3
[2026-02-13T02:25:09.049+0000] {subprocess.py:93} INFO - [error] ex3/run
[2026-02-13T02:25:09.049+0000] {subprocess.py:93} INFO - [error]    ^
[2026-02-13T02:25:09.437+0000] {subprocess.py:93} INFO - ‚ùå ERREUR: ex03 a √©chou√©!
[2026-02-13T02:25:09.438+0000] {subprocess.py:97} INFO - Command exited with return code 1
[2026-02-13T02:25:09.448+0000] {taskinstance.py:3301} ERROR - Task failed with exception
Traceback (most recent call last):
  File "/home/airflow/.local/lib/python3.12/site-packages/airflow/models/taskinstance.py", line 767, in _execute_task
    result = _execute_callable(context=context, **execute_callable_kwargs)
             ^^^^^^^^^^^^^^^^^^^^^^^^^^^^^^^^^^^^^^^^^^^^^^^^^^^^^^^^^^^^^
  File "/home/airflow/.local/lib/python3.12/site-packages/airflow/models/taskinstance.py", line 733, in _execute_callable
    return ExecutionCallableRunner(
           ^^^^^^^^^^^^^^^^^^^^^^^^
  File "/home/airflow/.local/lib/python3.12/site-packages/airflow/utils/operator_helpers.py", line 252, in run
    return self.func(*args, **kwargs)
           ^^^^^^^^^^^^^^^^^^^^^^^^^^
  File "/home/airflow/.local/lib/python3.12/site-packages/airflow/models/baseoperator.py", line 406, in wrapper
    return func(self, *args, **kwargs)
           ^^^^^^^^^^^^^^^^^^^^^^^^^^^
  File "/home/airflow/.local/lib/python3.12/site-packages/airflow/operators/bash.py", line 249, in execute
    raise AirflowException(
airflow.exceptions.AirflowException: Bash command failed. The command returned a non-zero exit code 1.
[2026-02-13T02:25:09.474+0000] {taskinstance.py:1225} INFO - Marking task as UP_FOR_RETRY. dag_id=nyc_taxi_pipeline, task_id=ex03_schema_creation, run_id=manual__2026-02-13T02:24:42.342829+00:00, execution_date=20260213T022442, start_date=20260213T022443, end_date=20260213T022509
[2026-02-13T02:25:09.503+0000] {taskinstance.py:340} INFO - ::group::Post task execution logs
[2026-02-13T02:25:09.503+0000] {standard_task_runner.py:124} ERROR - Failed to execute job 128 for task ex03_schema_creation (Bash command failed. The command returned a non-zero exit code 1.; 3738)
Traceback (most recent call last):
  File "/home/airflow/.local/lib/python3.12/site-packages/airflow/task/task_runner/standard_task_runner.py", line 117, in _start_by_fork
    ret = args.func(args, dag=self.dag)
          ^^^^^^^^^^^^^^^^^^^^^^^^^^^^^
  File "/home/airflow/.local/lib/python3.12/site-packages/airflow/cli/cli_config.py", line 49, in command
    return func(*args, **kwargs)
           ^^^^^^^^^^^^^^^^^^^^^
  File "/home/airflow/.local/lib/python3.12/site-packages/airflow/utils/cli.py", line 115, in wrapper
    return f(*args, **kwargs)
           ^^^^^^^^^^^^^^^^^^
  File "/home/airflow/.local/lib/python3.12/site-packages/airflow/cli/commands/task_command.py", line 483, in task_run
    task_return_code = _run_task_by_selected_method(args, _dag, ti)
                       ^^^^^^^^^^^^^^^^^^^^^^^^^^^^^^^^^^^^^^^^^^^^
  File "/home/airflow/.local/lib/python3.12/site-packages/airflow/cli/commands/task_command.py", line 256, in _run_task_by_selected_method
    return _run_raw_task(args, ti)
           ^^^^^^^^^^^^^^^^^^^^^^^
  File "/home/airflow/.local/lib/python3.12/site-packages/airflow/cli/commands/task_command.py", line 341, in _run_raw_task
    return ti._run_raw_task(
           ^^^^^^^^^^^^^^^^^
  File "/home/airflow/.local/lib/python3.12/site-packages/airflow/utils/session.py", line 97, in wrapper
    return func(*args, session=session, **kwargs)
           ^^^^^^^^^^^^^^^^^^^^^^^^^^^^^^^^^^^^^^
  File "/home/airflow/.local/lib/python3.12/site-packages/airflow/models/taskinstance.py", line 2995, in _run_raw_task
    return _run_raw_task(
           ^^^^^^^^^^^^^^
  File "/home/airflow/.local/lib/python3.12/site-packages/airflow/models/taskinstance.py", line 273, in _run_raw_task
    TaskInstance._execute_task_with_callbacks(
  File "/home/airflow/.local/lib/python3.12/site-packages/airflow/models/taskinstance.py", line 3149, in _execute_task_with_callbacks
    result = self._execute_task(context, task_orig)
             ^^^^^^^^^^^^^^^^^^^^^^^^^^^^^^^^^^^^^^
  File "/home/airflow/.local/lib/python3.12/site-packages/airflow/models/taskinstance.py", line 3173, in _execute_task
    return _execute_task(self, context, task_orig)
           ^^^^^^^^^^^^^^^^^^^^^^^^^^^^^^^^^^^^^^^
  File "/home/airflow/.local/lib/python3.12/site-packages/airflow/models/taskinstance.py", line 767, in _execute_task
    result = _execute_callable(context=context, **execute_callable_kwargs)
             ^^^^^^^^^^^^^^^^^^^^^^^^^^^^^^^^^^^^^^^^^^^^^^^^^^^^^^^^^^^^^
  File "/home/airflow/.local/lib/python3.12/site-packages/airflow/models/taskinstance.py", line 733, in _execute_callable
    return ExecutionCallableRunner(
           ^^^^^^^^^^^^^^^^^^^^^^^^
  File "/home/airflow/.local/lib/python3.12/site-packages/airflow/utils/operator_helpers.py", line 252, in run
    return self.func(*args, **kwargs)
           ^^^^^^^^^^^^^^^^^^^^^^^^^^
  File "/home/airflow/.local/lib/python3.12/site-packages/airflow/models/baseoperator.py", line 406, in wrapper
    return func(self, *args, **kwargs)
           ^^^^^^^^^^^^^^^^^^^^^^^^^^^
  File "/home/airflow/.local/lib/python3.12/site-packages/airflow/operators/bash.py", line 249, in execute
    raise AirflowException(
airflow.exceptions.AirflowException: Bash command failed. The command returned a non-zero exit code 1.
[2026-02-13T02:25:09.528+0000] {local_task_job_runner.py:261} INFO - Task exited with return code 1
[2026-02-13T02:25:09.545+0000] {taskinstance.py:3891} INFO - 0 downstream tasks scheduled from follow-on schedule check
[2026-02-13T02:25:09.548+0000] {local_task_job_runner.py:240} INFO - ::endgroup::
