[2026-02-05T22:29:30.600+0000] {local_task_job_runner.py:123} INFO - ::group::Pre task execution logs
[2026-02-05T22:29:30.629+0000] {taskinstance.py:2603} INFO - Dependencies all met for dep_context=non-requeueable deps ti=<TaskInstance: nyc_taxi_pipeline.ex04_dashboard_kpi manual__2026-02-05T22:26:19+00:00 [queued]>
[2026-02-05T22:29:30.650+0000] {taskinstance.py:2603} INFO - Dependencies all met for dep_context=requeueable deps ti=<TaskInstance: nyc_taxi_pipeline.ex04_dashboard_kpi manual__2026-02-05T22:26:19+00:00 [queued]>
[2026-02-05T22:29:30.653+0000] {taskinstance.py:2856} INFO - Starting attempt 2 of 2
[2026-02-05T22:29:30.688+0000] {taskinstance.py:2879} INFO - Executing <Task(BashOperator): ex04_dashboard_kpi> on 2026-02-05 22:26:19+00:00
[2026-02-05T22:29:30.700+0000] {logging_mixin.py:190} WARNING - /home/***/.local/lib/python3.12/site-packages/***/task/task_runner/standard_task_runner.py:70 DeprecationWarning: This process (pid=4108) is multi-threaded, use of fork() may lead to deadlocks in the child.
[2026-02-05T22:29:30.701+0000] {standard_task_runner.py:72} INFO - Started process 4121 to run task
[2026-02-05T22:29:30.707+0000] {standard_task_runner.py:104} INFO - Running: ['***', 'tasks', 'run', 'nyc_taxi_pipeline', 'ex04_dashboard_kpi', 'manual__2026-02-05T22:26:19+00:00', '--job-id', '98', '--raw', '--subdir', 'DAGS_FOLDER/nyc_taxi_pipeline.py', '--cfg-path', '/tmp/tmp78xx3ko3']
[2026-02-05T22:29:30.710+0000] {standard_task_runner.py:105} INFO - Job 98: Subtask ex04_dashboard_kpi
[2026-02-05T22:29:30.799+0000] {task_command.py:467} INFO - Running <TaskInstance: nyc_taxi_pipeline.ex04_dashboard_kpi manual__2026-02-05T22:26:19+00:00 [running]> on host 2af73409e72d
[2026-02-05T22:29:30.923+0000] {taskinstance.py:3122} INFO - Exporting env vars: AIRFLOW_CTX_DAG_OWNER='cytech' AIRFLOW_CTX_DAG_ID='nyc_taxi_pipeline' AIRFLOW_CTX_TASK_ID='ex04_dashboard_kpi' AIRFLOW_CTX_EXECUTION_DATE='2026-02-05T22:26:19+00:00' AIRFLOW_CTX_TRY_NUMBER='2' AIRFLOW_CTX_DAG_RUN_ID='manual__2026-02-05T22:26:19+00:00'
[2026-02-05T22:29:30.925+0000] {taskinstance.py:731} INFO - ::endgroup::
[2026-02-05T22:29:30.952+0000] {subprocess.py:63} INFO - Tmp dir root location: /tmp
[2026-02-05T22:29:30.953+0000] {subprocess.py:75} INFO - Running command: ['/usr/bin/bash', '-c', '\n        set -e\n        \n        echo "üìä ex04: Calcul des KPIs pour le dashboard..."\n        cd /opt/***/projet_big_data_cytech\n        \n        if sbt ex4/run; then\n            echo "‚úÖ ex04 termin√© avec succ√®s!"\n        else\n            echo "‚ùå ERREUR: ex04 a √©chou√©!"\n            exit 1\n        fi\n        ']
[2026-02-05T22:29:30.968+0000] {subprocess.py:86} INFO - Output:
[2026-02-05T22:29:30.971+0000] {subprocess.py:93} INFO - üìä ex04: Calcul des KPIs pour le dashboard...
[2026-02-05T22:29:31.853+0000] {subprocess.py:93} INFO - [info] waiting for lock on /home/***/.sbt/boot/sbt.boot.lock to be available...
[2026-02-05T22:29:32.823+0000] {subprocess.py:93} INFO - sbt thinks that server is already booting because of this exception:
[2026-02-05T22:29:32.824+0000] {subprocess.py:93} INFO - sbt.internal.ServerAlreadyBootingException: java.io.IOException: org.scalasbt.ipcsocket.NativeErrorException: [98] Address already in use
[2026-02-05T22:29:32.829+0000] {subprocess.py:93} INFO - 	at sbt.internal.BootServerSocket.newSocket(BootServerSocket.java:356)
[2026-02-05T22:29:32.830+0000] {subprocess.py:93} INFO - 	at sbt.internal.BootServerSocket.<init>(BootServerSocket.java:295)
[2026-02-05T22:29:32.830+0000] {subprocess.py:93} INFO - 	at sbt.xMain$.getSocketOrExit(Main.scala:150)
[2026-02-05T22:29:32.830+0000] {subprocess.py:93} INFO - 	at sbt.xMain$.bootServerSocket$lzycompute$1(Main.scala:77)
[2026-02-05T22:29:32.831+0000] {subprocess.py:93} INFO - 	at sbt.xMain$.bootServerSocket$1(Main.scala:77)
[2026-02-05T22:29:32.831+0000] {subprocess.py:93} INFO - 	at sbt.xMain$.withStreams$1(Main.scala:85)
[2026-02-05T22:29:32.834+0000] {subprocess.py:93} INFO - 	at sbt.xMain$.run(Main.scala:121)
[2026-02-05T22:29:32.835+0000] {subprocess.py:93} INFO - 	at java.base/jdk.internal.reflect.NativeMethodAccessorImpl.invoke0(Native Method)
[2026-02-05T22:29:32.835+0000] {subprocess.py:93} INFO - 	at java.base/jdk.internal.reflect.NativeMethodAccessorImpl.invoke(NativeMethodAccessorImpl.java:77)
[2026-02-05T22:29:32.835+0000] {subprocess.py:93} INFO - 	at java.base/jdk.internal.reflect.DelegatingMethodAccessorImpl.invoke(DelegatingMethodAccessorImpl.java:43)
[2026-02-05T22:29:32.836+0000] {subprocess.py:93} INFO - 	at java.base/java.lang.reflect.Method.invoke(Method.java:569)
[2026-02-05T22:29:32.836+0000] {subprocess.py:93} INFO - 	at sbt.internal.XMainConfiguration.run(XMainConfiguration.java:57)
[2026-02-05T22:29:32.836+0000] {subprocess.py:93} INFO - 	at sbt.xMain.run(Main.scala:46)
[2026-02-05T22:29:32.836+0000] {subprocess.py:93} INFO - 	at xsbt.boot.Launch$.$anonfun$run$1(Launch.scala:149)
[2026-02-05T22:29:32.837+0000] {subprocess.py:93} INFO - 	at xsbt.boot.Launch$.withContextLoader(Launch.scala:176)
[2026-02-05T22:29:32.837+0000] {subprocess.py:93} INFO - 	at xsbt.boot.Launch$.run(Launch.scala:149)
[2026-02-05T22:29:32.837+0000] {subprocess.py:93} INFO - 	at xsbt.boot.Launch$.$anonfun$apply$1(Launch.scala:44)
[2026-02-05T22:29:32.837+0000] {subprocess.py:93} INFO - 	at xsbt.boot.Launch$.launch(Launch.scala:159)
[2026-02-05T22:29:32.838+0000] {subprocess.py:93} INFO - 	at xsbt.boot.Launch$.apply(Launch.scala:44)
[2026-02-05T22:29:32.838+0000] {subprocess.py:93} INFO - 	at xsbt.boot.Launch$.apply(Launch.scala:21)
[2026-02-05T22:29:32.838+0000] {subprocess.py:93} INFO - 	at xsbt.boot.Boot$.runImpl(Boot.scala:78)
[2026-02-05T22:29:32.838+0000] {subprocess.py:93} INFO - 	at xsbt.boot.Boot$.run(Boot.scala:73)
[2026-02-05T22:29:32.839+0000] {subprocess.py:93} INFO - 	at xsbt.boot.Boot$.main(Boot.scala:21)
[2026-02-05T22:29:32.839+0000] {subprocess.py:93} INFO - 	at xsbt.boot.Boot.main(Boot.scala)
[2026-02-05T22:29:32.839+0000] {subprocess.py:93} INFO - Caused by: java.io.IOException: org.scalasbt.ipcsocket.NativeErrorException: [98] Address already in use
[2026-02-05T22:29:32.839+0000] {subprocess.py:93} INFO - 	at org.scalasbt.ipcsocket.UnixDomainServerSocket.bind(UnixDomainServerSocket.java:140)
[2026-02-05T22:29:32.840+0000] {subprocess.py:93} INFO - 	at org.scalasbt.ipcsocket.UnixDomainServerSocket.<init>(UnixDomainServerSocket.java:114)
[2026-02-05T22:29:32.840+0000] {subprocess.py:93} INFO - 	at org.scalasbt.ipcsocket.UnixDomainServerSocket.<init>(UnixDomainServerSocket.java:93)
[2026-02-05T22:29:32.840+0000] {subprocess.py:93} INFO - 	at sbt.internal.BootServerSocket.newSocket(BootServerSocket.java:350)
[2026-02-05T22:29:32.840+0000] {subprocess.py:93} INFO - 	... 23 more
[2026-02-05T22:29:32.840+0000] {subprocess.py:93} INFO - Caused by: org.scalasbt.ipcsocket.NativeErrorException: [98] Address already in use
[2026-02-05T22:29:32.841+0000] {subprocess.py:93} INFO - 	at org.scalasbt.ipcsocket.JNAUnixDomainSocketLibraryProvider.bind(UnixDomainSocketLibrary.java:178)
[2026-02-05T22:29:32.841+0000] {subprocess.py:93} INFO - 	at org.scalasbt.ipcsocket.UnixDomainServerSocket.bind(UnixDomainServerSocket.java:136)
[2026-02-05T22:29:32.841+0000] {subprocess.py:93} INFO - 	... 26 more
[2026-02-05T22:29:32.926+0000] {subprocess.py:93} INFO - ‚ùå ERREUR: ex04 a √©chou√©!
[2026-02-05T22:29:32.927+0000] {subprocess.py:97} INFO - Command exited with return code 1
[2026-02-05T22:29:32.944+0000] {taskinstance.py:3301} ERROR - Task failed with exception
Traceback (most recent call last):
  File "/home/airflow/.local/lib/python3.12/site-packages/airflow/models/taskinstance.py", line 767, in _execute_task
    result = _execute_callable(context=context, **execute_callable_kwargs)
             ^^^^^^^^^^^^^^^^^^^^^^^^^^^^^^^^^^^^^^^^^^^^^^^^^^^^^^^^^^^^^
  File "/home/airflow/.local/lib/python3.12/site-packages/airflow/models/taskinstance.py", line 733, in _execute_callable
    return ExecutionCallableRunner(
           ^^^^^^^^^^^^^^^^^^^^^^^^
  File "/home/airflow/.local/lib/python3.12/site-packages/airflow/utils/operator_helpers.py", line 252, in run
    return self.func(*args, **kwargs)
           ^^^^^^^^^^^^^^^^^^^^^^^^^^
  File "/home/airflow/.local/lib/python3.12/site-packages/airflow/models/baseoperator.py", line 406, in wrapper
    return func(self, *args, **kwargs)
           ^^^^^^^^^^^^^^^^^^^^^^^^^^^
  File "/home/airflow/.local/lib/python3.12/site-packages/airflow/operators/bash.py", line 249, in execute
    raise AirflowException(
airflow.exceptions.AirflowException: Bash command failed. The command returned a non-zero exit code 1.
[2026-02-05T22:29:32.951+0000] {taskinstance.py:1225} INFO - Marking task as FAILED. dag_id=nyc_taxi_pipeline, task_id=ex04_dashboard_kpi, run_id=manual__2026-02-05T22:26:19+00:00, execution_date=20260205T222619, start_date=20260205T222930, end_date=20260205T222932
[2026-02-05T22:29:32.976+0000] {taskinstance.py:340} INFO - ::group::Post task execution logs
[2026-02-05T22:29:32.978+0000] {standard_task_runner.py:124} ERROR - Failed to execute job 98 for task ex04_dashboard_kpi (Bash command failed. The command returned a non-zero exit code 1.; 4121)
Traceback (most recent call last):
  File "/home/airflow/.local/lib/python3.12/site-packages/airflow/task/task_runner/standard_task_runner.py", line 117, in _start_by_fork
    ret = args.func(args, dag=self.dag)
          ^^^^^^^^^^^^^^^^^^^^^^^^^^^^^
  File "/home/airflow/.local/lib/python3.12/site-packages/airflow/cli/cli_config.py", line 49, in command
    return func(*args, **kwargs)
           ^^^^^^^^^^^^^^^^^^^^^
  File "/home/airflow/.local/lib/python3.12/site-packages/airflow/utils/cli.py", line 115, in wrapper
    return f(*args, **kwargs)
           ^^^^^^^^^^^^^^^^^^
  File "/home/airflow/.local/lib/python3.12/site-packages/airflow/cli/commands/task_command.py", line 483, in task_run
    task_return_code = _run_task_by_selected_method(args, _dag, ti)
                       ^^^^^^^^^^^^^^^^^^^^^^^^^^^^^^^^^^^^^^^^^^^^
  File "/home/airflow/.local/lib/python3.12/site-packages/airflow/cli/commands/task_command.py", line 256, in _run_task_by_selected_method
    return _run_raw_task(args, ti)
           ^^^^^^^^^^^^^^^^^^^^^^^
  File "/home/airflow/.local/lib/python3.12/site-packages/airflow/cli/commands/task_command.py", line 341, in _run_raw_task
    return ti._run_raw_task(
           ^^^^^^^^^^^^^^^^^
  File "/home/airflow/.local/lib/python3.12/site-packages/airflow/utils/session.py", line 97, in wrapper
    return func(*args, session=session, **kwargs)
           ^^^^^^^^^^^^^^^^^^^^^^^^^^^^^^^^^^^^^^
  File "/home/airflow/.local/lib/python3.12/site-packages/airflow/models/taskinstance.py", line 2995, in _run_raw_task
    return _run_raw_task(
           ^^^^^^^^^^^^^^
  File "/home/airflow/.local/lib/python3.12/site-packages/airflow/models/taskinstance.py", line 273, in _run_raw_task
    TaskInstance._execute_task_with_callbacks(
  File "/home/airflow/.local/lib/python3.12/site-packages/airflow/models/taskinstance.py", line 3149, in _execute_task_with_callbacks
    result = self._execute_task(context, task_orig)
             ^^^^^^^^^^^^^^^^^^^^^^^^^^^^^^^^^^^^^^
  File "/home/airflow/.local/lib/python3.12/site-packages/airflow/models/taskinstance.py", line 3173, in _execute_task
    return _execute_task(self, context, task_orig)
           ^^^^^^^^^^^^^^^^^^^^^^^^^^^^^^^^^^^^^^^
  File "/home/airflow/.local/lib/python3.12/site-packages/airflow/models/taskinstance.py", line 767, in _execute_task
    result = _execute_callable(context=context, **execute_callable_kwargs)
             ^^^^^^^^^^^^^^^^^^^^^^^^^^^^^^^^^^^^^^^^^^^^^^^^^^^^^^^^^^^^^
  File "/home/airflow/.local/lib/python3.12/site-packages/airflow/models/taskinstance.py", line 733, in _execute_callable
    return ExecutionCallableRunner(
           ^^^^^^^^^^^^^^^^^^^^^^^^
  File "/home/airflow/.local/lib/python3.12/site-packages/airflow/utils/operator_helpers.py", line 252, in run
    return self.func(*args, **kwargs)
           ^^^^^^^^^^^^^^^^^^^^^^^^^^
  File "/home/airflow/.local/lib/python3.12/site-packages/airflow/models/baseoperator.py", line 406, in wrapper
    return func(self, *args, **kwargs)
           ^^^^^^^^^^^^^^^^^^^^^^^^^^^
  File "/home/airflow/.local/lib/python3.12/site-packages/airflow/operators/bash.py", line 249, in execute
    raise AirflowException(
airflow.exceptions.AirflowException: Bash command failed. The command returned a non-zero exit code 1.
[2026-02-05T22:29:33.010+0000] {local_task_job_runner.py:261} INFO - Task exited with return code 1
[2026-02-05T22:29:33.038+0000] {taskinstance.py:3891} INFO - 0 downstream tasks scheduled from follow-on schedule check
[2026-02-05T22:29:33.041+0000] {local_task_job_runner.py:240} INFO - ::endgroup::
