[2026-02-05T22:50:01.341+0000] {local_task_job_runner.py:123} INFO - ::group::Pre task execution logs
[2026-02-05T22:50:01.370+0000] {taskinstance.py:2603} INFO - Dependencies all met for dep_context=non-requeueable deps ti=<TaskInstance: nyc_taxi_pipeline.ex01_download_data manual__2026-02-05T22:50:00+00:00 [queued]>
[2026-02-05T22:50:01.387+0000] {taskinstance.py:2603} INFO - Dependencies all met for dep_context=requeueable deps ti=<TaskInstance: nyc_taxi_pipeline.ex01_download_data manual__2026-02-05T22:50:00+00:00 [queued]>
[2026-02-05T22:50:01.388+0000] {taskinstance.py:2856} INFO - Starting attempt 1 of 4
[2026-02-05T22:50:01.417+0000] {taskinstance.py:2879} INFO - Executing <Task(BashOperator): ex01_download_data> on 2026-02-05 22:50:00+00:00
[2026-02-05T22:50:01.428+0000] {logging_mixin.py:190} WARNING - /home/***/.local/lib/python3.12/site-packages/***/task/task_runner/standard_task_runner.py:70 DeprecationWarning: This process (pid=176) is multi-threaded, use of fork() may lead to deadlocks in the child.
[2026-02-05T22:50:01.431+0000] {standard_task_runner.py:72} INFO - Started process 182 to run task
[2026-02-05T22:50:01.434+0000] {standard_task_runner.py:104} INFO - Running: ['***', 'tasks', 'run', 'nyc_taxi_pipeline', 'ex01_download_data', 'manual__2026-02-05T22:50:00+00:00', '--job-id', '105', '--raw', '--subdir', 'DAGS_FOLDER/nyc_taxi_pipeline.py', '--cfg-path', '/tmp/tmppl5nwl13']
[2026-02-05T22:50:01.436+0000] {standard_task_runner.py:105} INFO - Job 105: Subtask ex01_download_data
[2026-02-05T22:50:01.504+0000] {task_command.py:467} INFO - Running <TaskInstance: nyc_taxi_pipeline.ex01_download_data manual__2026-02-05T22:50:00+00:00 [running]> on host 2af73409e72d
[2026-02-05T22:50:01.686+0000] {taskinstance.py:3122} INFO - Exporting env vars: AIRFLOW_CTX_DAG_OWNER='cytech' AIRFLOW_CTX_DAG_ID='nyc_taxi_pipeline' AIRFLOW_CTX_TASK_ID='ex01_download_data' AIRFLOW_CTX_EXECUTION_DATE='2026-02-05T22:50:00+00:00' AIRFLOW_CTX_TRY_NUMBER='1' AIRFLOW_CTX_DAG_RUN_ID='manual__2026-02-05T22:50:00+00:00'
[2026-02-05T22:50:01.687+0000] {taskinstance.py:731} INFO - ::endgroup::
[2026-02-05T22:50:01.708+0000] {subprocess.py:63} INFO - Tmp dir root location: /tmp
[2026-02-05T22:50:01.709+0000] {subprocess.py:75} INFO - Running command: ['/usr/bin/bash', '-c', '\n        set -e  # Arr√™ter si erreur\n        \n        echo "üì• ex01: T√©l√©chargement des donn√©es NYC Taxi..."\n        cd /opt/***/projet_big_data_cytech\n        \n        if sbt ex1/run; then\n            echo "‚úÖ ex01 termin√© avec succ√®s!"\n        else\n            echo "‚ùå ERREUR: ex01 a √©chou√©!"\n            exit 1\n        fi\n        ']
[2026-02-05T22:50:01.728+0000] {subprocess.py:86} INFO - Output:
[2026-02-05T22:50:01.728+0000] {subprocess.py:93} INFO - üì• ex01: T√©l√©chargement des donn√©es NYC Taxi...
[2026-02-05T22:50:02.400+0000] {subprocess.py:93} INFO - [info] waiting for lock on /home/***/.sbt/boot/sbt.boot.lock to be available...
[2026-02-05T22:50:04.893+0000] {subprocess.py:93} INFO - sbt thinks that server is already booting because of this exception:
[2026-02-05T22:50:04.896+0000] {subprocess.py:93} INFO - sbt.internal.ServerAlreadyBootingException: java.io.IOException: org.scalasbt.ipcsocket.NativeErrorException: [98] Address already in use
[2026-02-05T22:50:04.897+0000] {subprocess.py:93} INFO - 	at sbt.internal.BootServerSocket.newSocket(BootServerSocket.java:356)
[2026-02-05T22:50:04.899+0000] {subprocess.py:93} INFO - 	at sbt.internal.BootServerSocket.<init>(BootServerSocket.java:295)
[2026-02-05T22:50:04.899+0000] {subprocess.py:93} INFO - 	at sbt.xMain$.getSocketOrExit(Main.scala:150)
[2026-02-05T22:50:04.900+0000] {subprocess.py:93} INFO - 	at sbt.xMain$.bootServerSocket$lzycompute$1(Main.scala:77)
[2026-02-05T22:50:04.900+0000] {subprocess.py:93} INFO - 	at sbt.xMain$.bootServerSocket$1(Main.scala:77)
[2026-02-05T22:50:04.901+0000] {subprocess.py:93} INFO - 	at sbt.xMain$.withStreams$1(Main.scala:85)
[2026-02-05T22:50:04.902+0000] {subprocess.py:93} INFO - 	at sbt.xMain$.run(Main.scala:121)
[2026-02-05T22:50:04.902+0000] {subprocess.py:93} INFO - 	at java.base/jdk.internal.reflect.NativeMethodAccessorImpl.invoke0(Native Method)
[2026-02-05T22:50:04.904+0000] {subprocess.py:93} INFO - 	at java.base/jdk.internal.reflect.NativeMethodAccessorImpl.invoke(NativeMethodAccessorImpl.java:77)
[2026-02-05T22:50:04.904+0000] {subprocess.py:93} INFO - 	at java.base/jdk.internal.reflect.DelegatingMethodAccessorImpl.invoke(DelegatingMethodAccessorImpl.java:43)
[2026-02-05T22:50:04.906+0000] {subprocess.py:93} INFO - 	at java.base/java.lang.reflect.Method.invoke(Method.java:569)
[2026-02-05T22:50:04.906+0000] {subprocess.py:93} INFO - 	at sbt.internal.XMainConfiguration.run(XMainConfiguration.java:57)
[2026-02-05T22:50:04.906+0000] {subprocess.py:93} INFO - 	at sbt.xMain.run(Main.scala:46)
[2026-02-05T22:50:04.908+0000] {subprocess.py:93} INFO - 	at xsbt.boot.Launch$.$anonfun$run$1(Launch.scala:149)
[2026-02-05T22:50:04.909+0000] {subprocess.py:93} INFO - 	at xsbt.boot.Launch$.withContextLoader(Launch.scala:176)
[2026-02-05T22:50:04.916+0000] {subprocess.py:93} INFO - 	at xsbt.boot.Launch$.run(Launch.scala:149)
[2026-02-05T22:50:04.917+0000] {subprocess.py:93} INFO - 	at xsbt.boot.Launch$.$anonfun$apply$1(Launch.scala:44)
[2026-02-05T22:50:04.917+0000] {subprocess.py:93} INFO - 	at xsbt.boot.Launch$.launch(Launch.scala:159)
[2026-02-05T22:50:04.918+0000] {subprocess.py:93} INFO - 	at xsbt.boot.Launch$.apply(Launch.scala:44)
[2026-02-05T22:50:04.918+0000] {subprocess.py:93} INFO - 	at xsbt.boot.Launch$.apply(Launch.scala:21)
[2026-02-05T22:50:04.919+0000] {subprocess.py:93} INFO - 	at xsbt.boot.Boot$.runImpl(Boot.scala:78)
[2026-02-05T22:50:04.919+0000] {subprocess.py:93} INFO - 	at xsbt.boot.Boot$.run(Boot.scala:73)
[2026-02-05T22:50:04.919+0000] {subprocess.py:93} INFO - 	at xsbt.boot.Boot$.main(Boot.scala:21)
[2026-02-05T22:50:04.919+0000] {subprocess.py:93} INFO - 	at xsbt.boot.Boot.main(Boot.scala)
[2026-02-05T22:50:04.919+0000] {subprocess.py:93} INFO - Caused by: java.io.IOException: org.scalasbt.ipcsocket.NativeErrorException: [98] Address already in use
[2026-02-05T22:50:04.920+0000] {subprocess.py:93} INFO - 	at org.scalasbt.ipcsocket.UnixDomainServerSocket.bind(UnixDomainServerSocket.java:140)
[2026-02-05T22:50:04.920+0000] {subprocess.py:93} INFO - 	at org.scalasbt.ipcsocket.UnixDomainServerSocket.<init>(UnixDomainServerSocket.java:114)
[2026-02-05T22:50:04.920+0000] {subprocess.py:93} INFO - 	at org.scalasbt.ipcsocket.UnixDomainServerSocket.<init>(UnixDomainServerSocket.java:93)
[2026-02-05T22:50:04.921+0000] {subprocess.py:93} INFO - 	at sbt.internal.BootServerSocket.newSocket(BootServerSocket.java:350)
[2026-02-05T22:50:04.921+0000] {subprocess.py:93} INFO - 	... 23 more
[2026-02-05T22:50:04.922+0000] {subprocess.py:93} INFO - Caused by: org.scalasbt.ipcsocket.NativeErrorException: [98] Address already in use
[2026-02-05T22:50:04.922+0000] {subprocess.py:93} INFO - 	at org.scalasbt.ipcsocket.JNAUnixDomainSocketLibraryProvider.bind(UnixDomainSocketLibrary.java:178)
[2026-02-05T22:50:04.922+0000] {subprocess.py:93} INFO - 	at org.scalasbt.ipcsocket.UnixDomainServerSocket.bind(UnixDomainServerSocket.java:136)
[2026-02-05T22:50:04.923+0000] {subprocess.py:93} INFO - 	... 26 more
[2026-02-05T22:50:05.214+0000] {subprocess.py:93} INFO - ‚ùå ERREUR: ex01 a √©chou√©!
[2026-02-05T22:50:05.215+0000] {subprocess.py:97} INFO - Command exited with return code 1
[2026-02-05T22:50:05.251+0000] {taskinstance.py:3301} ERROR - Task failed with exception
Traceback (most recent call last):
  File "/home/airflow/.local/lib/python3.12/site-packages/airflow/models/taskinstance.py", line 767, in _execute_task
    result = _execute_callable(context=context, **execute_callable_kwargs)
             ^^^^^^^^^^^^^^^^^^^^^^^^^^^^^^^^^^^^^^^^^^^^^^^^^^^^^^^^^^^^^
  File "/home/airflow/.local/lib/python3.12/site-packages/airflow/models/taskinstance.py", line 733, in _execute_callable
    return ExecutionCallableRunner(
           ^^^^^^^^^^^^^^^^^^^^^^^^
  File "/home/airflow/.local/lib/python3.12/site-packages/airflow/utils/operator_helpers.py", line 252, in run
    return self.func(*args, **kwargs)
           ^^^^^^^^^^^^^^^^^^^^^^^^^^
  File "/home/airflow/.local/lib/python3.12/site-packages/airflow/models/baseoperator.py", line 406, in wrapper
    return func(self, *args, **kwargs)
           ^^^^^^^^^^^^^^^^^^^^^^^^^^^
  File "/home/airflow/.local/lib/python3.12/site-packages/airflow/operators/bash.py", line 249, in execute
    raise AirflowException(
airflow.exceptions.AirflowException: Bash command failed. The command returned a non-zero exit code 1.
[2026-02-05T22:50:05.282+0000] {taskinstance.py:1225} INFO - Marking task as UP_FOR_RETRY. dag_id=nyc_taxi_pipeline, task_id=ex01_download_data, run_id=manual__2026-02-05T22:50:00+00:00, execution_date=20260205T225000, start_date=20260205T225001, end_date=20260205T225005
[2026-02-05T22:50:05.329+0000] {taskinstance.py:340} INFO - ::group::Post task execution logs
[2026-02-05T22:50:05.330+0000] {standard_task_runner.py:124} ERROR - Failed to execute job 105 for task ex01_download_data (Bash command failed. The command returned a non-zero exit code 1.; 182)
Traceback (most recent call last):
  File "/home/airflow/.local/lib/python3.12/site-packages/airflow/task/task_runner/standard_task_runner.py", line 117, in _start_by_fork
    ret = args.func(args, dag=self.dag)
          ^^^^^^^^^^^^^^^^^^^^^^^^^^^^^
  File "/home/airflow/.local/lib/python3.12/site-packages/airflow/cli/cli_config.py", line 49, in command
    return func(*args, **kwargs)
           ^^^^^^^^^^^^^^^^^^^^^
  File "/home/airflow/.local/lib/python3.12/site-packages/airflow/utils/cli.py", line 115, in wrapper
    return f(*args, **kwargs)
           ^^^^^^^^^^^^^^^^^^
  File "/home/airflow/.local/lib/python3.12/site-packages/airflow/cli/commands/task_command.py", line 483, in task_run
    task_return_code = _run_task_by_selected_method(args, _dag, ti)
                       ^^^^^^^^^^^^^^^^^^^^^^^^^^^^^^^^^^^^^^^^^^^^
  File "/home/airflow/.local/lib/python3.12/site-packages/airflow/cli/commands/task_command.py", line 256, in _run_task_by_selected_method
    return _run_raw_task(args, ti)
           ^^^^^^^^^^^^^^^^^^^^^^^
  File "/home/airflow/.local/lib/python3.12/site-packages/airflow/cli/commands/task_command.py", line 341, in _run_raw_task
    return ti._run_raw_task(
           ^^^^^^^^^^^^^^^^^
  File "/home/airflow/.local/lib/python3.12/site-packages/airflow/utils/session.py", line 97, in wrapper
    return func(*args, session=session, **kwargs)
           ^^^^^^^^^^^^^^^^^^^^^^^^^^^^^^^^^^^^^^
  File "/home/airflow/.local/lib/python3.12/site-packages/airflow/models/taskinstance.py", line 2995, in _run_raw_task
    return _run_raw_task(
           ^^^^^^^^^^^^^^
  File "/home/airflow/.local/lib/python3.12/site-packages/airflow/models/taskinstance.py", line 273, in _run_raw_task
    TaskInstance._execute_task_with_callbacks(
  File "/home/airflow/.local/lib/python3.12/site-packages/airflow/models/taskinstance.py", line 3149, in _execute_task_with_callbacks
    result = self._execute_task(context, task_orig)
             ^^^^^^^^^^^^^^^^^^^^^^^^^^^^^^^^^^^^^^
  File "/home/airflow/.local/lib/python3.12/site-packages/airflow/models/taskinstance.py", line 3173, in _execute_task
    return _execute_task(self, context, task_orig)
           ^^^^^^^^^^^^^^^^^^^^^^^^^^^^^^^^^^^^^^^
  File "/home/airflow/.local/lib/python3.12/site-packages/airflow/models/taskinstance.py", line 767, in _execute_task
    result = _execute_callable(context=context, **execute_callable_kwargs)
             ^^^^^^^^^^^^^^^^^^^^^^^^^^^^^^^^^^^^^^^^^^^^^^^^^^^^^^^^^^^^^
  File "/home/airflow/.local/lib/python3.12/site-packages/airflow/models/taskinstance.py", line 733, in _execute_callable
    return ExecutionCallableRunner(
           ^^^^^^^^^^^^^^^^^^^^^^^^
  File "/home/airflow/.local/lib/python3.12/site-packages/airflow/utils/operator_helpers.py", line 252, in run
    return self.func(*args, **kwargs)
           ^^^^^^^^^^^^^^^^^^^^^^^^^^
  File "/home/airflow/.local/lib/python3.12/site-packages/airflow/models/baseoperator.py", line 406, in wrapper
    return func(self, *args, **kwargs)
           ^^^^^^^^^^^^^^^^^^^^^^^^^^^
  File "/home/airflow/.local/lib/python3.12/site-packages/airflow/operators/bash.py", line 249, in execute
    raise AirflowException(
airflow.exceptions.AirflowException: Bash command failed. The command returned a non-zero exit code 1.
[2026-02-05T22:50:05.353+0000] {local_task_job_runner.py:261} INFO - Task exited with return code 1
[2026-02-05T22:50:05.388+0000] {taskinstance.py:3891} INFO - 0 downstream tasks scheduled from follow-on schedule check
[2026-02-05T22:50:05.393+0000] {local_task_job_runner.py:240} INFO - ::endgroup::
