[2026-02-05T22:12:59.258+0000] {local_task_job_runner.py:123} INFO - ::group::Pre task execution logs
[2026-02-05T22:12:59.279+0000] {taskinstance.py:2603} INFO - Dependencies all met for dep_context=non-requeueable deps ti=<TaskInstance: nyc_taxi_pipeline.ex03_schema_creation manual__2026-02-05T22:12:58+00:00 [queued]>
[2026-02-05T22:12:59.290+0000] {taskinstance.py:2603} INFO - Dependencies all met for dep_context=requeueable deps ti=<TaskInstance: nyc_taxi_pipeline.ex03_schema_creation manual__2026-02-05T22:12:58+00:00 [queued]>
[2026-02-05T22:12:59.291+0000] {taskinstance.py:2856} INFO - Starting attempt 1 of 3
[2026-02-05T22:12:59.311+0000] {taskinstance.py:2879} INFO - Executing <Task(BashOperator): ex03_schema_creation> on 2026-02-05 22:12:58+00:00
[2026-02-05T22:12:59.322+0000] {logging_mixin.py:190} WARNING - /home/***/.local/lib/python3.12/site-packages/***/task/task_runner/standard_task_runner.py:70 DeprecationWarning: This process (pid=955) is multi-threaded, use of fork() may lead to deadlocks in the child.
[2026-02-05T22:12:59.324+0000] {standard_task_runner.py:72} INFO - Started process 956 to run task
[2026-02-05T22:12:59.322+0000] {standard_task_runner.py:104} INFO - Running: ['***', 'tasks', 'run', 'nyc_taxi_pipeline', 'ex03_schema_creation', 'manual__2026-02-05T22:12:58+00:00', '--job-id', '82', '--raw', '--subdir', 'DAGS_FOLDER/nyc_taxi_pipeline.py', '--cfg-path', '/tmp/tmpzii3yuzg']
[2026-02-05T22:12:59.325+0000] {standard_task_runner.py:105} INFO - Job 82: Subtask ex03_schema_creation
[2026-02-05T22:12:59.402+0000] {task_command.py:467} INFO - Running <TaskInstance: nyc_taxi_pipeline.ex03_schema_creation manual__2026-02-05T22:12:58+00:00 [running]> on host 2af73409e72d
[2026-02-05T22:12:59.572+0000] {taskinstance.py:3122} INFO - Exporting env vars: AIRFLOW_CTX_DAG_OWNER='cytech' AIRFLOW_CTX_DAG_ID='nyc_taxi_pipeline' AIRFLOW_CTX_TASK_ID='ex03_schema_creation' AIRFLOW_CTX_EXECUTION_DATE='2026-02-05T22:12:58+00:00' AIRFLOW_CTX_TRY_NUMBER='1' AIRFLOW_CTX_DAG_RUN_ID='manual__2026-02-05T22:12:58+00:00'
[2026-02-05T22:12:59.573+0000] {taskinstance.py:731} INFO - ::endgroup::
[2026-02-05T22:12:59.635+0000] {subprocess.py:63} INFO - Tmp dir root location: /tmp
[2026-02-05T22:12:59.635+0000] {subprocess.py:75} INFO - Running command: ['/usr/bin/bash', '-c', '\n        set -e\n        \n        echo "üóÑÔ∏è ex03: Cr√©ation du sch√©ma PostgreSQL..."\n        \n        if sbt ex3/run; then\n            echo "‚úÖ ex03 termin√© avec succ√®s!"\n        else\n            echo "‚ùå ERREUR: ex03 a √©chou√©!"\n            exit 1\n        fi\n        ']
[2026-02-05T22:12:59.655+0000] {subprocess.py:86} INFO - Output:
[2026-02-05T22:12:59.658+0000] {subprocess.py:93} INFO - üóÑÔ∏è ex03: Cr√©ation du sch√©ma PostgreSQL...
[2026-02-05T22:12:59.838+0000] {subprocess.py:93} INFO - downloading sbt launcher 1.9.9
[2026-02-05T22:13:00.320+0000] {subprocess.py:93} INFO - mv: cannot stat '/home/***/.cache/sbt/boot/sbt-launch/1.9.9/sbt-launch-1.9.9.jar.temp': No such file or directory
[2026-02-05T22:13:00.458+0000] {subprocess.py:93} INFO - copying runtime jar...
[2026-02-05T22:13:06.949+0000] {subprocess.py:93} INFO - [info] waiting for lock on /home/***/.sbt/boot/sbt.boot.lock to be available...
[2026-02-05T22:13:12.647+0000] {subprocess.py:93} INFO - [warn] No sbt.version set in project/build.properties, base directory: /tmp/***tmpyaf0vzra
[2026-02-05T22:13:12.691+0000] {subprocess.py:93} INFO - [info] welcome to sbt 1.9.9 (Debian Java 17.0.18)
[2026-02-05T22:13:14.542+0000] {subprocess.py:93} INFO - [info] set current project to ***tmpyaf0vzra (in build file:/tmp/***tmpyaf0vzra/)
[2026-02-05T22:13:14.819+0000] {subprocess.py:93} INFO - [error] Expected ID character
[2026-02-05T22:13:14.821+0000] {subprocess.py:93} INFO - [error] Not a valid command: ex3 (similar: exit, set, export)
[2026-02-05T22:13:14.822+0000] {subprocess.py:93} INFO - [error] Expected project ID
[2026-02-05T22:13:14.823+0000] {subprocess.py:93} INFO - [error] Expected configuration
[2026-02-05T22:13:14.823+0000] {subprocess.py:93} INFO - [error] Expected ':'
[2026-02-05T22:13:14.824+0000] {subprocess.py:93} INFO - [error] Expected key
[2026-02-05T22:13:14.825+0000] {subprocess.py:93} INFO - [error] Not a valid key: ex3
[2026-02-05T22:13:14.825+0000] {subprocess.py:93} INFO - [error] ex3/run
[2026-02-05T22:13:14.825+0000] {subprocess.py:93} INFO - [error]    ^
[2026-02-05T22:13:15.187+0000] {subprocess.py:93} INFO - ‚ùå ERREUR: ex03 a √©chou√©!
[2026-02-05T22:13:15.188+0000] {subprocess.py:97} INFO - Command exited with return code 1
[2026-02-05T22:13:15.199+0000] {taskinstance.py:3301} ERROR - Task failed with exception
Traceback (most recent call last):
  File "/home/airflow/.local/lib/python3.12/site-packages/airflow/models/taskinstance.py", line 767, in _execute_task
    result = _execute_callable(context=context, **execute_callable_kwargs)
             ^^^^^^^^^^^^^^^^^^^^^^^^^^^^^^^^^^^^^^^^^^^^^^^^^^^^^^^^^^^^^
  File "/home/airflow/.local/lib/python3.12/site-packages/airflow/models/taskinstance.py", line 733, in _execute_callable
    return ExecutionCallableRunner(
           ^^^^^^^^^^^^^^^^^^^^^^^^
  File "/home/airflow/.local/lib/python3.12/site-packages/airflow/utils/operator_helpers.py", line 252, in run
    return self.func(*args, **kwargs)
           ^^^^^^^^^^^^^^^^^^^^^^^^^^
  File "/home/airflow/.local/lib/python3.12/site-packages/airflow/models/baseoperator.py", line 406, in wrapper
    return func(self, *args, **kwargs)
           ^^^^^^^^^^^^^^^^^^^^^^^^^^^
  File "/home/airflow/.local/lib/python3.12/site-packages/airflow/operators/bash.py", line 249, in execute
    raise AirflowException(
airflow.exceptions.AirflowException: Bash command failed. The command returned a non-zero exit code 1.
[2026-02-05T22:13:15.207+0000] {taskinstance.py:1225} INFO - Marking task as UP_FOR_RETRY. dag_id=nyc_taxi_pipeline, task_id=ex03_schema_creation, run_id=manual__2026-02-05T22:12:58+00:00, execution_date=20260205T221258, start_date=20260205T221259, end_date=20260205T221315
[2026-02-05T22:13:15.227+0000] {taskinstance.py:340} INFO - ::group::Post task execution logs
[2026-02-05T22:13:15.227+0000] {standard_task_runner.py:124} ERROR - Failed to execute job 82 for task ex03_schema_creation (Bash command failed. The command returned a non-zero exit code 1.; 956)
Traceback (most recent call last):
  File "/home/airflow/.local/lib/python3.12/site-packages/airflow/task/task_runner/standard_task_runner.py", line 117, in _start_by_fork
    ret = args.func(args, dag=self.dag)
          ^^^^^^^^^^^^^^^^^^^^^^^^^^^^^
  File "/home/airflow/.local/lib/python3.12/site-packages/airflow/cli/cli_config.py", line 49, in command
    return func(*args, **kwargs)
           ^^^^^^^^^^^^^^^^^^^^^
  File "/home/airflow/.local/lib/python3.12/site-packages/airflow/utils/cli.py", line 115, in wrapper
    return f(*args, **kwargs)
           ^^^^^^^^^^^^^^^^^^
  File "/home/airflow/.local/lib/python3.12/site-packages/airflow/cli/commands/task_command.py", line 483, in task_run
    task_return_code = _run_task_by_selected_method(args, _dag, ti)
                       ^^^^^^^^^^^^^^^^^^^^^^^^^^^^^^^^^^^^^^^^^^^^
  File "/home/airflow/.local/lib/python3.12/site-packages/airflow/cli/commands/task_command.py", line 256, in _run_task_by_selected_method
    return _run_raw_task(args, ti)
           ^^^^^^^^^^^^^^^^^^^^^^^
  File "/home/airflow/.local/lib/python3.12/site-packages/airflow/cli/commands/task_command.py", line 341, in _run_raw_task
    return ti._run_raw_task(
           ^^^^^^^^^^^^^^^^^
  File "/home/airflow/.local/lib/python3.12/site-packages/airflow/utils/session.py", line 97, in wrapper
    return func(*args, session=session, **kwargs)
           ^^^^^^^^^^^^^^^^^^^^^^^^^^^^^^^^^^^^^^
  File "/home/airflow/.local/lib/python3.12/site-packages/airflow/models/taskinstance.py", line 2995, in _run_raw_task
    return _run_raw_task(
           ^^^^^^^^^^^^^^
  File "/home/airflow/.local/lib/python3.12/site-packages/airflow/models/taskinstance.py", line 273, in _run_raw_task
    TaskInstance._execute_task_with_callbacks(
  File "/home/airflow/.local/lib/python3.12/site-packages/airflow/models/taskinstance.py", line 3149, in _execute_task_with_callbacks
    result = self._execute_task(context, task_orig)
             ^^^^^^^^^^^^^^^^^^^^^^^^^^^^^^^^^^^^^^
  File "/home/airflow/.local/lib/python3.12/site-packages/airflow/models/taskinstance.py", line 3173, in _execute_task
    return _execute_task(self, context, task_orig)
           ^^^^^^^^^^^^^^^^^^^^^^^^^^^^^^^^^^^^^^^
  File "/home/airflow/.local/lib/python3.12/site-packages/airflow/models/taskinstance.py", line 767, in _execute_task
    result = _execute_callable(context=context, **execute_callable_kwargs)
             ^^^^^^^^^^^^^^^^^^^^^^^^^^^^^^^^^^^^^^^^^^^^^^^^^^^^^^^^^^^^^
  File "/home/airflow/.local/lib/python3.12/site-packages/airflow/models/taskinstance.py", line 733, in _execute_callable
    return ExecutionCallableRunner(
           ^^^^^^^^^^^^^^^^^^^^^^^^
  File "/home/airflow/.local/lib/python3.12/site-packages/airflow/utils/operator_helpers.py", line 252, in run
    return self.func(*args, **kwargs)
           ^^^^^^^^^^^^^^^^^^^^^^^^^^
  File "/home/airflow/.local/lib/python3.12/site-packages/airflow/models/baseoperator.py", line 406, in wrapper
    return func(self, *args, **kwargs)
           ^^^^^^^^^^^^^^^^^^^^^^^^^^^
  File "/home/airflow/.local/lib/python3.12/site-packages/airflow/operators/bash.py", line 249, in execute
    raise AirflowException(
airflow.exceptions.AirflowException: Bash command failed. The command returned a non-zero exit code 1.
[2026-02-05T22:13:15.260+0000] {local_task_job_runner.py:261} INFO - Task exited with return code 1
[2026-02-05T22:13:15.281+0000] {taskinstance.py:3891} INFO - 0 downstream tasks scheduled from follow-on schedule check
[2026-02-05T22:13:15.285+0000] {local_task_job_runner.py:240} INFO - ::endgroup::
