[2026-02-05T21:25:55.518+0000] {local_task_job_runner.py:123} INFO - ::group::Pre task execution logs
[2026-02-05T21:25:55.537+0000] {taskinstance.py:2603} INFO - Dependencies all met for dep_context=non-requeueable deps ti=<TaskInstance: nyc_taxi_pipeline.ex04_dashboard_kpi manual__2026-02-05T21:22:46.985925+00:00 [queued]>
[2026-02-05T21:25:55.545+0000] {taskinstance.py:2603} INFO - Dependencies all met for dep_context=requeueable deps ti=<TaskInstance: nyc_taxi_pipeline.ex04_dashboard_kpi manual__2026-02-05T21:22:46.985925+00:00 [queued]>
[2026-02-05T21:25:55.546+0000] {taskinstance.py:2856} INFO - Starting attempt 2 of 2
[2026-02-05T21:25:55.561+0000] {taskinstance.py:2879} INFO - Executing <Task(BashOperator): ex04_dashboard_kpi> on 2026-02-05 21:22:46.985925+00:00
[2026-02-05T21:25:55.568+0000] {logging_mixin.py:190} WARNING - /home/***/.local/lib/python3.12/site-packages/***/task/task_runner/standard_task_runner.py:70 DeprecationWarning: This process (pid=1130) is multi-threaded, use of fork() may lead to deadlocks in the child.
[2026-02-05T21:25:55.569+0000] {standard_task_runner.py:72} INFO - Started process 1132 to run task
[2026-02-05T21:25:55.568+0000] {standard_task_runner.py:104} INFO - Running: ['***', 'tasks', 'run', 'nyc_taxi_pipeline', 'ex04_dashboard_kpi', 'manual__2026-02-05T21:22:46.985925+00:00', '--job-id', '72', '--raw', '--subdir', 'DAGS_FOLDER/nyc_taxi_pipeline.py', '--cfg-path', '/tmp/tmpuupqhw37']
[2026-02-05T21:25:55.570+0000] {standard_task_runner.py:105} INFO - Job 72: Subtask ex04_dashboard_kpi
[2026-02-05T21:25:55.616+0000] {task_command.py:467} INFO - Running <TaskInstance: nyc_taxi_pipeline.ex04_dashboard_kpi manual__2026-02-05T21:22:46.985925+00:00 [running]> on host 35c5c3e4d956
[2026-02-05T21:25:55.698+0000] {taskinstance.py:3122} INFO - Exporting env vars: AIRFLOW_CTX_DAG_OWNER='cytech' AIRFLOW_CTX_DAG_ID='nyc_taxi_pipeline' AIRFLOW_CTX_TASK_ID='ex04_dashboard_kpi' AIRFLOW_CTX_EXECUTION_DATE='2026-02-05T21:22:46.985925+00:00' AIRFLOW_CTX_TRY_NUMBER='2' AIRFLOW_CTX_DAG_RUN_ID='manual__2026-02-05T21:22:46.985925+00:00'
[2026-02-05T21:25:55.698+0000] {taskinstance.py:731} INFO - ::endgroup::
[2026-02-05T21:25:55.715+0000] {subprocess.py:63} INFO - Tmp dir root location: /tmp
[2026-02-05T21:25:55.716+0000] {subprocess.py:75} INFO - Running command: ['/usr/bin/bash', '-c', '\n        set -e\n        \n        echo "üìä ex04: Calcul des KPIs pour le dashboard..."\n        \n        if sbt ex4/run; then\n            echo "‚úÖ ex04 termin√© avec succ√®s!"\n        else\n            echo "‚ùå ERREUR: ex04 a √©chou√©!"\n            exit 1\n        fi\n        ']
[2026-02-05T21:25:55.726+0000] {subprocess.py:86} INFO - Output:
[2026-02-05T21:25:55.728+0000] {subprocess.py:93} INFO - üìä ex04: Calcul des KPIs pour le dashboard...
[2026-02-05T21:25:56.345+0000] {subprocess.py:93} INFO - [info] waiting for lock on /home/***/.sbt/boot/sbt.boot.lock to be available...
[2026-02-05T21:26:00.610+0000] {subprocess.py:93} INFO - [warn] No sbt.version set in project/build.properties, base directory: /tmp/***tmpr9i159lp
[2026-02-05T21:26:00.741+0000] {subprocess.py:93} INFO - [info] welcome to sbt 1.9.9 (Debian Java 17.0.18)
[2026-02-05T21:26:05.009+0000] {subprocess.py:93} INFO - [info] set current project to ***tmpr9i159lp (in build file:/tmp/***tmpr9i159lp/)
[2026-02-05T21:26:05.343+0000] {subprocess.py:93} INFO - [error] Expected ID character
[2026-02-05T21:26:05.344+0000] {subprocess.py:93} INFO - [error] Not a valid command: ex4 (similar: exit, set, export)
[2026-02-05T21:26:05.344+0000] {subprocess.py:93} INFO - [error] Expected project ID
[2026-02-05T21:26:05.344+0000] {subprocess.py:93} INFO - [error] Expected configuration
[2026-02-05T21:26:05.345+0000] {subprocess.py:93} INFO - [error] Expected ':'
[2026-02-05T21:26:05.345+0000] {subprocess.py:93} INFO - [error] Expected key
[2026-02-05T21:26:05.346+0000] {subprocess.py:93} INFO - [error] Not a valid key: ex4
[2026-02-05T21:26:05.346+0000] {subprocess.py:93} INFO - [error] ex4/run
[2026-02-05T21:26:05.346+0000] {subprocess.py:93} INFO - [error]    ^
[2026-02-05T21:26:05.713+0000] {subprocess.py:93} INFO - ‚ùå ERREUR: ex04 a √©chou√©!
[2026-02-05T21:26:05.714+0000] {subprocess.py:97} INFO - Command exited with return code 1
[2026-02-05T21:26:05.726+0000] {taskinstance.py:3301} ERROR - Task failed with exception
Traceback (most recent call last):
  File "/home/airflow/.local/lib/python3.12/site-packages/airflow/models/taskinstance.py", line 767, in _execute_task
    result = _execute_callable(context=context, **execute_callable_kwargs)
             ^^^^^^^^^^^^^^^^^^^^^^^^^^^^^^^^^^^^^^^^^^^^^^^^^^^^^^^^^^^^^
  File "/home/airflow/.local/lib/python3.12/site-packages/airflow/models/taskinstance.py", line 733, in _execute_callable
    return ExecutionCallableRunner(
           ^^^^^^^^^^^^^^^^^^^^^^^^
  File "/home/airflow/.local/lib/python3.12/site-packages/airflow/utils/operator_helpers.py", line 252, in run
    return self.func(*args, **kwargs)
           ^^^^^^^^^^^^^^^^^^^^^^^^^^
  File "/home/airflow/.local/lib/python3.12/site-packages/airflow/models/baseoperator.py", line 406, in wrapper
    return func(self, *args, **kwargs)
           ^^^^^^^^^^^^^^^^^^^^^^^^^^^
  File "/home/airflow/.local/lib/python3.12/site-packages/airflow/operators/bash.py", line 249, in execute
    raise AirflowException(
airflow.exceptions.AirflowException: Bash command failed. The command returned a non-zero exit code 1.
[2026-02-05T21:26:05.731+0000] {taskinstance.py:1225} INFO - Marking task as FAILED. dag_id=nyc_taxi_pipeline, task_id=ex04_dashboard_kpi, run_id=manual__2026-02-05T21:22:46.985925+00:00, execution_date=20260205T212246, start_date=20260205T212555, end_date=20260205T212605
[2026-02-05T21:26:05.746+0000] {taskinstance.py:340} INFO - ::group::Post task execution logs
[2026-02-05T21:26:05.747+0000] {standard_task_runner.py:124} ERROR - Failed to execute job 72 for task ex04_dashboard_kpi (Bash command failed. The command returned a non-zero exit code 1.; 1132)
Traceback (most recent call last):
  File "/home/airflow/.local/lib/python3.12/site-packages/airflow/task/task_runner/standard_task_runner.py", line 117, in _start_by_fork
    ret = args.func(args, dag=self.dag)
          ^^^^^^^^^^^^^^^^^^^^^^^^^^^^^
  File "/home/airflow/.local/lib/python3.12/site-packages/airflow/cli/cli_config.py", line 49, in command
    return func(*args, **kwargs)
           ^^^^^^^^^^^^^^^^^^^^^
  File "/home/airflow/.local/lib/python3.12/site-packages/airflow/utils/cli.py", line 115, in wrapper
    return f(*args, **kwargs)
           ^^^^^^^^^^^^^^^^^^
  File "/home/airflow/.local/lib/python3.12/site-packages/airflow/cli/commands/task_command.py", line 483, in task_run
    task_return_code = _run_task_by_selected_method(args, _dag, ti)
                       ^^^^^^^^^^^^^^^^^^^^^^^^^^^^^^^^^^^^^^^^^^^^
  File "/home/airflow/.local/lib/python3.12/site-packages/airflow/cli/commands/task_command.py", line 256, in _run_task_by_selected_method
    return _run_raw_task(args, ti)
           ^^^^^^^^^^^^^^^^^^^^^^^
  File "/home/airflow/.local/lib/python3.12/site-packages/airflow/cli/commands/task_command.py", line 341, in _run_raw_task
    return ti._run_raw_task(
           ^^^^^^^^^^^^^^^^^
  File "/home/airflow/.local/lib/python3.12/site-packages/airflow/utils/session.py", line 97, in wrapper
    return func(*args, session=session, **kwargs)
           ^^^^^^^^^^^^^^^^^^^^^^^^^^^^^^^^^^^^^^
  File "/home/airflow/.local/lib/python3.12/site-packages/airflow/models/taskinstance.py", line 2995, in _run_raw_task
    return _run_raw_task(
           ^^^^^^^^^^^^^^
  File "/home/airflow/.local/lib/python3.12/site-packages/airflow/models/taskinstance.py", line 273, in _run_raw_task
    TaskInstance._execute_task_with_callbacks(
  File "/home/airflow/.local/lib/python3.12/site-packages/airflow/models/taskinstance.py", line 3149, in _execute_task_with_callbacks
    result = self._execute_task(context, task_orig)
             ^^^^^^^^^^^^^^^^^^^^^^^^^^^^^^^^^^^^^^
  File "/home/airflow/.local/lib/python3.12/site-packages/airflow/models/taskinstance.py", line 3173, in _execute_task
    return _execute_task(self, context, task_orig)
           ^^^^^^^^^^^^^^^^^^^^^^^^^^^^^^^^^^^^^^^
  File "/home/airflow/.local/lib/python3.12/site-packages/airflow/models/taskinstance.py", line 767, in _execute_task
    result = _execute_callable(context=context, **execute_callable_kwargs)
             ^^^^^^^^^^^^^^^^^^^^^^^^^^^^^^^^^^^^^^^^^^^^^^^^^^^^^^^^^^^^^
  File "/home/airflow/.local/lib/python3.12/site-packages/airflow/models/taskinstance.py", line 733, in _execute_callable
    return ExecutionCallableRunner(
           ^^^^^^^^^^^^^^^^^^^^^^^^
  File "/home/airflow/.local/lib/python3.12/site-packages/airflow/utils/operator_helpers.py", line 252, in run
    return self.func(*args, **kwargs)
           ^^^^^^^^^^^^^^^^^^^^^^^^^^
  File "/home/airflow/.local/lib/python3.12/site-packages/airflow/models/baseoperator.py", line 406, in wrapper
    return func(self, *args, **kwargs)
           ^^^^^^^^^^^^^^^^^^^^^^^^^^^
  File "/home/airflow/.local/lib/python3.12/site-packages/airflow/operators/bash.py", line 249, in execute
    raise AirflowException(
airflow.exceptions.AirflowException: Bash command failed. The command returned a non-zero exit code 1.
[2026-02-05T21:26:05.784+0000] {local_task_job_runner.py:261} INFO - Task exited with return code 1
[2026-02-05T21:26:05.803+0000] {taskinstance.py:3891} INFO - 0 downstream tasks scheduled from follow-on schedule check
[2026-02-05T21:26:05.806+0000] {local_task_job_runner.py:240} INFO - ::endgroup::
